                                      1 ;--------------------------------------------------------
                                      2 ; File Created by SDCC : free open source ISO C Compiler 
                                      3 ; Version 4.4.0 #14620 (MINGW32)
                                      4 ;--------------------------------------------------------
                                      5 	.module src
                                      6 	.optsdcc -mmcs51 --model-small
                                      7 	
                                      8 ;--------------------------------------------------------
                                      9 ; Public variables in this module
                                     10 ;--------------------------------------------------------
                                     11 	.globl _main
                                     12 	.globl _CY
                                     13 	.globl _AC
                                     14 	.globl _F0
                                     15 	.globl _RS1
                                     16 	.globl _RS0
                                     17 	.globl _OV
                                     18 	.globl _F1
                                     19 	.globl _P
                                     20 	.globl _PS
                                     21 	.globl _PT1
                                     22 	.globl _PX1
                                     23 	.globl _PT0
                                     24 	.globl _PX0
                                     25 	.globl _RD
                                     26 	.globl _WR
                                     27 	.globl _T1
                                     28 	.globl _T0
                                     29 	.globl _INT1
                                     30 	.globl _INT0
                                     31 	.globl _TXD
                                     32 	.globl _RXD
                                     33 	.globl _P3_7
                                     34 	.globl _P3_6
                                     35 	.globl _P3_5
                                     36 	.globl _P3_4
                                     37 	.globl _P3_3
                                     38 	.globl _P3_2
                                     39 	.globl _P3_1
                                     40 	.globl _P3_0
                                     41 	.globl _EA
                                     42 	.globl _ES
                                     43 	.globl _ET1
                                     44 	.globl _EX1
                                     45 	.globl _ET0
                                     46 	.globl _EX0
                                     47 	.globl _P2_7
                                     48 	.globl _P2_6
                                     49 	.globl _P2_5
                                     50 	.globl _P2_4
                                     51 	.globl _P2_3
                                     52 	.globl _P2_2
                                     53 	.globl _P2_1
                                     54 	.globl _P2_0
                                     55 	.globl _SM0
                                     56 	.globl _SM1
                                     57 	.globl _SM2
                                     58 	.globl _REN
                                     59 	.globl _TB8
                                     60 	.globl _RB8
                                     61 	.globl _TI
                                     62 	.globl _RI
                                     63 	.globl _P1_7
                                     64 	.globl _P1_6
                                     65 	.globl _P1_5
                                     66 	.globl _P1_4
                                     67 	.globl _P1_3
                                     68 	.globl _P1_2
                                     69 	.globl _P1_1
                                     70 	.globl _P1_0
                                     71 	.globl _TF1
                                     72 	.globl _TR1
                                     73 	.globl _TF0
                                     74 	.globl _TR0
                                     75 	.globl _IE1
                                     76 	.globl _IT1
                                     77 	.globl _IE0
                                     78 	.globl _IT0
                                     79 	.globl _P0_7
                                     80 	.globl _P0_6
                                     81 	.globl _P0_5
                                     82 	.globl _P0_4
                                     83 	.globl _P0_3
                                     84 	.globl _P0_2
                                     85 	.globl _P0_1
                                     86 	.globl _P0_0
                                     87 	.globl _B
                                     88 	.globl _ACC
                                     89 	.globl _PSW
                                     90 	.globl _IP
                                     91 	.globl _P3
                                     92 	.globl _IE
                                     93 	.globl _P2
                                     94 	.globl _SBUF
                                     95 	.globl _SCON
                                     96 	.globl _P1
                                     97 	.globl _TH1
                                     98 	.globl _TH0
                                     99 	.globl _TL1
                                    100 	.globl _TL0
                                    101 	.globl _TMOD
                                    102 	.globl _TCON
                                    103 	.globl _PCON
                                    104 	.globl _DPH
                                    105 	.globl _DPL
                                    106 	.globl _SP
                                    107 	.globl _P0
                                    108 ;--------------------------------------------------------
                                    109 ; special function registers
                                    110 ;--------------------------------------------------------
                                    111 	.area RSEG    (ABS,DATA)
      000000                        112 	.org 0x0000
                           000080   113 _P0	=	0x0080
                           000081   114 _SP	=	0x0081
                           000082   115 _DPL	=	0x0082
                           000083   116 _DPH	=	0x0083
                           000087   117 _PCON	=	0x0087
                           000088   118 _TCON	=	0x0088
                           000089   119 _TMOD	=	0x0089
                           00008A   120 _TL0	=	0x008a
                           00008B   121 _TL1	=	0x008b
                           00008C   122 _TH0	=	0x008c
                           00008D   123 _TH1	=	0x008d
                           000090   124 _P1	=	0x0090
                           000098   125 _SCON	=	0x0098
                           000099   126 _SBUF	=	0x0099
                           0000A0   127 _P2	=	0x00a0
                           0000A8   128 _IE	=	0x00a8
                           0000B0   129 _P3	=	0x00b0
                           0000B8   130 _IP	=	0x00b8
                           0000D0   131 _PSW	=	0x00d0
                           0000E0   132 _ACC	=	0x00e0
                           0000F0   133 _B	=	0x00f0
                                    134 ;--------------------------------------------------------
                                    135 ; special function bits
                                    136 ;--------------------------------------------------------
                                    137 	.area RSEG    (ABS,DATA)
      000000                        138 	.org 0x0000
                           000080   139 _P0_0	=	0x0080
                           000081   140 _P0_1	=	0x0081
                           000082   141 _P0_2	=	0x0082
                           000083   142 _P0_3	=	0x0083
                           000084   143 _P0_4	=	0x0084
                           000085   144 _P0_5	=	0x0085
                           000086   145 _P0_6	=	0x0086
                           000087   146 _P0_7	=	0x0087
                           000088   147 _IT0	=	0x0088
                           000089   148 _IE0	=	0x0089
                           00008A   149 _IT1	=	0x008a
                           00008B   150 _IE1	=	0x008b
                           00008C   151 _TR0	=	0x008c
                           00008D   152 _TF0	=	0x008d
                           00008E   153 _TR1	=	0x008e
                           00008F   154 _TF1	=	0x008f
                           000090   155 _P1_0	=	0x0090
                           000091   156 _P1_1	=	0x0091
                           000092   157 _P1_2	=	0x0092
                           000093   158 _P1_3	=	0x0093
                           000094   159 _P1_4	=	0x0094
                           000095   160 _P1_5	=	0x0095
                           000096   161 _P1_6	=	0x0096
                           000097   162 _P1_7	=	0x0097
                           000098   163 _RI	=	0x0098
                           000099   164 _TI	=	0x0099
                           00009A   165 _RB8	=	0x009a
                           00009B   166 _TB8	=	0x009b
                           00009C   167 _REN	=	0x009c
                           00009D   168 _SM2	=	0x009d
                           00009E   169 _SM1	=	0x009e
                           00009F   170 _SM0	=	0x009f
                           0000A0   171 _P2_0	=	0x00a0
                           0000A1   172 _P2_1	=	0x00a1
                           0000A2   173 _P2_2	=	0x00a2
                           0000A3   174 _P2_3	=	0x00a3
                           0000A4   175 _P2_4	=	0x00a4
                           0000A5   176 _P2_5	=	0x00a5
                           0000A6   177 _P2_6	=	0x00a6
                           0000A7   178 _P2_7	=	0x00a7
                           0000A8   179 _EX0	=	0x00a8
                           0000A9   180 _ET0	=	0x00a9
                           0000AA   181 _EX1	=	0x00aa
                           0000AB   182 _ET1	=	0x00ab
                           0000AC   183 _ES	=	0x00ac
                           0000AF   184 _EA	=	0x00af
                           0000B0   185 _P3_0	=	0x00b0
                           0000B1   186 _P3_1	=	0x00b1
                           0000B2   187 _P3_2	=	0x00b2
                           0000B3   188 _P3_3	=	0x00b3
                           0000B4   189 _P3_4	=	0x00b4
                           0000B5   190 _P3_5	=	0x00b5
                           0000B6   191 _P3_6	=	0x00b6
                           0000B7   192 _P3_7	=	0x00b7
                           0000B0   193 _RXD	=	0x00b0
                           0000B1   194 _TXD	=	0x00b1
                           0000B2   195 _INT0	=	0x00b2
                           0000B3   196 _INT1	=	0x00b3
                           0000B4   197 _T0	=	0x00b4
                           0000B5   198 _T1	=	0x00b5
                           0000B6   199 _WR	=	0x00b6
                           0000B7   200 _RD	=	0x00b7
                           0000B8   201 _PX0	=	0x00b8
                           0000B9   202 _PT0	=	0x00b9
                           0000BA   203 _PX1	=	0x00ba
                           0000BB   204 _PT1	=	0x00bb
                           0000BC   205 _PS	=	0x00bc
                           0000D0   206 _P	=	0x00d0
                           0000D1   207 _F1	=	0x00d1
                           0000D2   208 _OV	=	0x00d2
                           0000D3   209 _RS0	=	0x00d3
                           0000D4   210 _RS1	=	0x00d4
                           0000D5   211 _F0	=	0x00d5
                           0000D6   212 _AC	=	0x00d6
                           0000D7   213 _CY	=	0x00d7
                                    214 ;--------------------------------------------------------
                                    215 ; overlayable register banks
                                    216 ;--------------------------------------------------------
                                    217 	.area REG_BANK_0	(REL,OVR,DATA)
      000000                        218 	.ds 8
                                    219 ;--------------------------------------------------------
                                    220 ; internal ram data
                                    221 ;--------------------------------------------------------
                                    222 	.area DSEG    (DATA)
                                    223 ;--------------------------------------------------------
                                    224 ; overlayable items in internal ram
                                    225 ;--------------------------------------------------------
                                    226 	.area	OSEG    (OVR,DATA)
      000000                        227 _main_cif_10001_2:
      000000                        228 	.ds 4
                                    229 ;--------------------------------------------------------
                                    230 ; Stack segment in internal ram
                                    231 ;--------------------------------------------------------
                                    232 	.area SSEG
      000000                        233 __start__stack:
      000000                        234 	.ds	1
                                    235 
                                    236 ;--------------------------------------------------------
                                    237 ; indirectly addressable internal ram data
                                    238 ;--------------------------------------------------------
                                    239 	.area ISEG    (DATA)
                                    240 ;--------------------------------------------------------
                                    241 ; absolute internal ram data
                                    242 ;--------------------------------------------------------
                                    243 	.area IABS    (ABS,DATA)
                                    244 	.area IABS    (ABS,DATA)
                                    245 ;--------------------------------------------------------
                                    246 ; bit data
                                    247 ;--------------------------------------------------------
                                    248 	.area BSEG    (BIT)
                                    249 ;--------------------------------------------------------
                                    250 ; paged external ram data
                                    251 ;--------------------------------------------------------
                                    252 	.area PSEG    (PAG,XDATA)
                                    253 ;--------------------------------------------------------
                                    254 ; uninitialized external ram data
                                    255 ;--------------------------------------------------------
                                    256 	.area XSEG    (XDATA)
                                    257 ;--------------------------------------------------------
                                    258 ; absolute external ram data
                                    259 ;--------------------------------------------------------
                                    260 	.area XABS    (ABS,XDATA)
                                    261 ;--------------------------------------------------------
                                    262 ; initialized external ram data
                                    263 ;--------------------------------------------------------
                                    264 	.area XISEG   (XDATA)
                                    265 	.area HOME    (CODE)
                                    266 	.area GSINIT0 (CODE)
                                    267 	.area GSINIT1 (CODE)
                                    268 	.area GSINIT2 (CODE)
                                    269 	.area GSINIT3 (CODE)
                                    270 	.area GSINIT4 (CODE)
                                    271 	.area GSINIT5 (CODE)
                                    272 	.area GSINIT  (CODE)
                                    273 	.area GSFINAL (CODE)
                                    274 	.area CSEG    (CODE)
                                    275 ;--------------------------------------------------------
                                    276 ; interrupt vector
                                    277 ;--------------------------------------------------------
                                    278 	.area HOME    (CODE)
      000000                        279 __interrupt_vect:
      000000 02r00r00         [24]  280 	ljmp	__sdcc_gsinit_startup
                                    281 ;--------------------------------------------------------
                                    282 ; global & static initialisations
                                    283 ;--------------------------------------------------------
                                    284 	.area HOME    (CODE)
                                    285 	.area GSINIT  (CODE)
                                    286 	.area GSFINAL (CODE)
                                    287 	.area GSINIT  (CODE)
                                    288 	.globl __sdcc_gsinit_startup
                                    289 	.globl __sdcc_program_startup
                                    290 	.globl __start__stack
                                    291 	.globl __mcs51_genXINIT
                                    292 	.globl __mcs51_genXRAMCLEAR
                                    293 	.globl __mcs51_genRAMCLEAR
                                    294 	.area GSFINAL (CODE)
      000000 02r00r03         [24]  295 	ljmp	__sdcc_program_startup
                                    296 ;--------------------------------------------------------
                                    297 ; Home
                                    298 ;--------------------------------------------------------
                                    299 	.area HOME    (CODE)
                                    300 	.area HOME    (CODE)
      000003                        301 __sdcc_program_startup:
      000003 02r00r00         [24]  302 	ljmp	_main
                                    303 ;	return from main will return to caller
                                    304 ;--------------------------------------------------------
                                    305 ; code
                                    306 ;--------------------------------------------------------
                                    307 	.area CSEG    (CODE)
                                    308 ;------------------------------------------------------------
                                    309 ;Allocation info for local variables in function 'main'
                                    310 ;------------------------------------------------------------
                                    311 ;x                         Allocated to registers 
                                    312 ;nrCif                     Allocated to registers r6 
                                    313 ;cif                       Allocated with name '_main_cif_10001_2'
                                    314 ;i                         Allocated to registers r7 
                                    315 ;poz                       Allocated to registers r7 
                                    316 ;------------------------------------------------------------
                                    317 ;	.\src.c:20: int main()
                                    318 ;	-----------------------------------------
                                    319 ;	 function main
                                    320 ;	-----------------------------------------
      000000                        321 _main:
                           000007   322 	ar7 = 0x07
                           000006   323 	ar6 = 0x06
                           000005   324 	ar5 = 0x05
                           000004   325 	ar4 = 0x04
                           000003   326 	ar3 = 0x03
                           000002   327 	ar2 = 0x02
                           000001   328 	ar1 = 0x01
                           000000   329 	ar0 = 0x00
                                    330 ;	.\src.c:22: P0_7 = 1;
                                    331 ;	assignBit
      000000 D2 87            [12]  332 	setb	_P0_7
                                    333 ;	.\src.c:25: unsigned char cif[4] = {0};
      000002 75*00 00         [24]  334 	mov	_main_cif_10001_2,#0x00
      000005 75*01 00         [24]  335 	mov	(_main_cif_10001_2 + 0x0001),#0x00
      000008 75*02 00         [24]  336 	mov	(_main_cif_10001_2 + 0x0002),#0x00
      00000B 75*03 00         [24]  337 	mov	(_main_cif_10001_2 + 0x0003),#0x00
                                    338 ;	.\src.c:36: while(x >= 10)
      00000E 7F 2A            [12]  339 	mov	r7,#0x2a
      000010                        340 00107$:
      000010 BF 0A 00         [24]  341 	cjne	r7,#0x0a,00190$
      000013                        342 00190$:
      000013 40 0B            [24]  343 	jc	00109$
                                    344 ;	.\src.c:38: x -= 10;
      000015 EF               [12]  345 	mov	a,r7
      000016 24 F6            [12]  346 	add	a,#0xf6
      000018 FF               [12]  347 	mov	r7,a
                                    348 ;	.\src.c:39: cif[1]++;
      000019 E5*01            [12]  349 	mov	a,(_main_cif_10001_2 + 0x0001)
      00001B 04               [12]  350 	inc	a
      00001C F5*01            [12]  351 	mov	(_main_cif_10001_2 + 0x0001),a
      00001E 80 F0            [24]  352 	sjmp	00107$
      000020                        353 00109$:
                                    354 ;	.\src.c:41: cif[0] = x;
      000020 8F*00            [24]  355 	mov	_main_cif_10001_2,r7
                                    356 ;	.\src.c:42: for(unsigned char i = 3; i >= 0; i--)
      000022 7F 03            [12]  357 	mov	r7,#0x03
      000024                        358 00130$:
                                    359 ;	.\src.c:43: if(cif[i] != 0)
      000024 EF               [12]  360 	mov	a,r7
      000025 24r00            [12]  361 	add	a, #_main_cif_10001_2
      000027 F9               [12]  362 	mov	r1,a
      000028 E7               [12]  363 	mov	a,@r1
      000029 60 04            [24]  364 	jz	00132$
                                    365 ;	.\src.c:45: nrCif = i;
      00002B 8F 06            [24]  366 	mov	ar6,r7
                                    367 ;	.\src.c:46: break;
      00002D 80 03            [24]  368 	sjmp	00112$
      00002F                        369 00132$:
                                    370 ;	.\src.c:42: for(unsigned char i = 3; i >= 0; i--)
      00002F 1F               [12]  371 	dec	r7
      000030 80 F2            [24]  372 	sjmp	00130$
      000032                        373 00112$:
                                    374 ;	.\src.c:51: unsigned char poz = 0;
      000032 7F 00            [12]  375 	mov	r7,#0x00
                                    376 ;	.\src.c:52: P3 = poz << 3;
      000034 8F B0            [24]  377 	mov	_P3,r7
                                    378 ;	.\src.c:53: while(1){
      000036                        379 00128$:
                                    380 ;	.\src.c:55: switch (cif[poz])
      000036 EF               [12]  381 	mov	a,r7
      000037 24r00            [12]  382 	add	a, #_main_cif_10001_2
      000039 F9               [12]  383 	mov	r1,a
      00003A E7               [12]  384 	mov	a,@r1
      00003B FD               [12]  385 	mov	r5,a
      00003C 24 F6            [12]  386 	add	a,#0xff - 0x09
      00003E 40 52            [24]  387 	jc	00124$
      000040 ED               [12]  388 	mov	a,r5
      000041 24 0A            [12]  389 	add	a,#(00194$-3-.)
      000043 83               [24]  390 	movc	a,@a+pc
      000044 F5 82            [12]  391 	mov	dpl,a
      000046 ED               [12]  392 	mov	a,r5
      000047 24 0E            [12]  393 	add	a,#(00195$-3-.)
      000049 83               [24]  394 	movc	a,@a+pc
      00004A F5 83            [12]  395 	mov	dph,a
      00004C E4               [12]  396 	clr	a
      00004D 73               [24]  397 	jmp	@a+dptr
      00004E                        398 00194$:
      00004Er62                     399 	.db	00113$
      00004Fr67                     400 	.db	00114$
      000050r6C                     401 	.db	00115$
      000051r71                     402 	.db	00116$
      000052r76                     403 	.db	00117$
      000053r7B                     404 	.db	00118$
      000054r80                     405 	.db	00119$
      000055r85                     406 	.db	00120$
      000056r8A                     407 	.db	00121$
      000057r8F                     408 	.db	00122$
      000058                        409 00195$:
      000058s00                     410 	.db	00113$>>8
      000059s00                     411 	.db	00114$>>8
      00005As00                     412 	.db	00115$>>8
      00005Bs00                     413 	.db	00116$>>8
      00005Cs00                     414 	.db	00117$>>8
      00005Ds00                     415 	.db	00118$>>8
      00005Es00                     416 	.db	00119$>>8
      00005Fs00                     417 	.db	00120$>>8
      000060s00                     418 	.db	00121$>>8
      000061s00                     419 	.db	00122$>>8
                                    420 ;	.\src.c:57: case 0:
      000062                        421 00113$:
                                    422 ;	.\src.c:58: P1 = 0b11000000;
      000062 75 90 C0         [24]  423 	mov	_P1,#0xc0
                                    424 ;	.\src.c:59: break;
                                    425 ;	.\src.c:60: case 1:
      000065 80 2B            [24]  426 	sjmp	00124$
      000067                        427 00114$:
                                    428 ;	.\src.c:61: P1 = 0b11111001;
      000067 75 90 F9         [24]  429 	mov	_P1,#0xf9
                                    430 ;	.\src.c:62: break;
                                    431 ;	.\src.c:63: case 2:
      00006A 80 26            [24]  432 	sjmp	00124$
      00006C                        433 00115$:
                                    434 ;	.\src.c:64: P1 = 0b10100100;
      00006C 75 90 A4         [24]  435 	mov	_P1,#0xa4
                                    436 ;	.\src.c:65: break;
                                    437 ;	.\src.c:67: case 3:
      00006F 80 21            [24]  438 	sjmp	00124$
      000071                        439 00116$:
                                    440 ;	.\src.c:68: P1 = 0b101100001;
      000071 75 90 61         [24]  441 	mov	_P1,#0x61
                                    442 ;	.\src.c:69: break;
                                    443 ;	.\src.c:71: case 4: 
      000074 80 1C            [24]  444 	sjmp	00124$
      000076                        445 00117$:
                                    446 ;	.\src.c:72: P1 = 0b10011001;
      000076 75 90 99         [24]  447 	mov	_P1,#0x99
                                    448 ;	.\src.c:73: break;
                                    449 ;	.\src.c:75: case 5:
      000079 80 17            [24]  450 	sjmp	00124$
      00007B                        451 00118$:
                                    452 ;	.\src.c:76: P1 = 0b10010010;
      00007B 75 90 92         [24]  453 	mov	_P1,#0x92
                                    454 ;	.\src.c:77: break;
                                    455 ;	.\src.c:79: case 6:
      00007E 80 12            [24]  456 	sjmp	00124$
      000080                        457 00119$:
                                    458 ;	.\src.c:80: P1 = 0b10000010;
      000080 75 90 82         [24]  459 	mov	_P1,#0x82
                                    460 ;	.\src.c:81: break;
                                    461 ;	.\src.c:83: case 7:
      000083 80 0D            [24]  462 	sjmp	00124$
      000085                        463 00120$:
                                    464 ;	.\src.c:84: P1 = 0b11111000;
      000085 75 90 F8         [24]  465 	mov	_P1,#0xf8
                                    466 ;	.\src.c:85: break;
                                    467 ;	.\src.c:87: case 8:
      000088 80 08            [24]  468 	sjmp	00124$
      00008A                        469 00121$:
                                    470 ;	.\src.c:88: P1 = 0b10000000;
      00008A 75 90 80         [24]  471 	mov	_P1,#0x80
                                    472 ;	.\src.c:89: break;
                                    473 ;	.\src.c:91: case 9:
      00008D 80 03            [24]  474 	sjmp	00124$
      00008F                        475 00122$:
                                    476 ;	.\src.c:93: P1 = 0b10010000;
      00008F 75 90 90         [24]  477 	mov	_P1,#0x90
                                    478 ;	.\src.c:97: }
      000092                        479 00124$:
                                    480 ;	.\src.c:98: poz++;
      000092 0F               [12]  481 	inc	r7
                                    482 ;	.\src.c:99: if(poz == nrCif + 1)
      000093 8E 04            [24]  483 	mov	ar4,r6
      000095 7D 00            [12]  484 	mov	r5,#0x00
      000097 0C               [12]  485 	inc	r4
      000098 BC 00 01         [24]  486 	cjne	r4,#0x00,00196$
      00009B 0D               [12]  487 	inc	r5
      00009C                        488 00196$:
      00009C 8F 02            [24]  489 	mov	ar2,r7
      00009E 7B 00            [12]  490 	mov	r3,#0x00
      0000A0 EA               [12]  491 	mov	a,r2
      0000A1 B5 04 06         [24]  492 	cjne	a,ar4,00126$
      0000A4 EB               [12]  493 	mov	a,r3
      0000A5 B5 05 02         [24]  494 	cjne	a,ar5,00126$
                                    495 ;	.\src.c:100: poz = 0;
      0000A8 7F 00            [12]  496 	mov	r7,#0x00
      0000AA                        497 00126$:
                                    498 ;	.\src.c:101: P0_7 = 1;
                                    499 ;	assignBit
      0000AA D2 87            [12]  500 	setb	_P0_7
                                    501 ;	.\src.c:103: P3 = poz << 3;
      0000AC 8F 05            [24]  502 	mov	ar5,r7
      0000AE ED               [12]  503 	mov	a,r5
      0000AF C4               [12]  504 	swap	a
      0000B0 03               [12]  505 	rr	a
      0000B1 54 F8            [12]  506 	anl	a,#0xf8
      0000B3 F5 B0            [12]  507 	mov	_P3,a
                                    508 ;	.\src.c:105: P0_7 = 0;
                                    509 ;	assignBit
      0000B5 C2 87            [12]  510 	clr	_P0_7
                                    511 ;	.\src.c:107: }
      0000B7 02r00r36         [24]  512 	ljmp	00128$
                                    513 	.area CSEG    (CODE)
                                    514 	.area CONST   (CODE)
                                    515 	.area XINIT   (CODE)
                                    516 	.area CABS    (ABS,CODE)
